[0m09:58:17.499592 [debug] [MainThread]: Sending event: {'category': 'dbt', 'action': 'invocation', 'label': 'start', 'context': [<snowplow_tracker.self_describing_json.SelfDescribingJson object at 0x00000265BA018AA0>, <snowplow_tracker.self_describing_json.SelfDescribingJson object at 0x00000265BA019D30>, <snowplow_tracker.self_describing_json.SelfDescribingJson object at 0x00000265BA018B30>]}


============================== 09:58:17.505232 | 0ca4bb16-eb91-4458-a697-6582cf55a728 ==============================
[0m09:58:17.505232 [info ] [MainThread]: Running with dbt=1.11.7
[0m09:58:17.506235 [debug] [MainThread]: running dbt with arguments {'version_check': 'True', 'no_print': 'None', 'static_parser': 'True', 'warn_error_options': 'WarnErrorOptionsV2(error=[], warn=[], silence=[])', 'target_path': 'None', 'printer_width': '80', 'write_json': 'True', 'empty': 'None', 'log_cache_events': 'False', 'introspect': 'True', 'cache_selected_only': 'False', 'fail_fast': 'False', 'debug': 'False', 'log_format': 'default', 'partial_parse': 'True', 'send_anonymous_usage_stats': 'True', 'quiet': 'False', 'warn_error': 'None', 'profiles_dir': 'C:\\Users\\chaox\\.dbt', 'use_colors': 'True', 'invocation_command': 'dbt init', 'indirect_selection': 'eager', 'use_experimental_parser': 'False', 'log_path': 'logs'}
[0m09:58:59.140071 [debug] [MainThread]: Starter project path: F:\ansh_dbt_core\.venv\Lib\site-packages\dbt\include\starter_project
[0m09:58:59.156405 [info ] [MainThread]: 
Your new dbt project "chao_dbt_core" was created!

For more information on how to configure the profiles.yml file,
please consult the dbt documentation here:

  https://docs.getdbt.com/docs/configure-your-profile

One more thing:

Need help? Don't hesitate to reach out to us via GitHub issues or on Slack:

  https://community.getdbt.com/

Happy modeling!

[0m09:58:59.157426 [info ] [MainThread]: Setting up your profile.
[0m09:59:03.901644 [debug] [MainThread]: Spark adapter: Setting pyhive.hive logging to ERROR
[0m09:59:03.901644 [debug] [MainThread]: Spark adapter: Setting thrift.transport logging to ERROR
[0m09:59:03.901644 [debug] [MainThread]: Spark adapter: Setting thrift.protocol logging to ERROR
[0m10:05:28.606192 [info ] [MainThread]: Profile chao_dbt_core written to C:\Users\chaox\.dbt\profiles.yml using target's profile_template.yml and your supplied values. Run 'dbt debug' to validate the connection.
[0m10:05:28.607218 [debug] [MainThread]: Command `dbt init` succeeded at 10:05:28.607218 after 431.29 seconds
[0m10:05:28.607218 [debug] [MainThread]: Sending event: {'category': 'dbt', 'action': 'invocation', 'label': 'end', 'context': [<snowplow_tracker.self_describing_json.SelfDescribingJson object at 0x00000265BAA38BC0>, <snowplow_tracker.self_describing_json.SelfDescribingJson object at 0x00000265C02E5CA0>, <snowplow_tracker.self_describing_json.SelfDescribingJson object at 0x00000265BDD9AAB0>]}
[0m10:05:28.607218 [debug] [MainThread]: Flushing usage events
[0m10:05:29.843735 [debug] [MainThread]: An error was encountered while trying to flush usage events
[0m10:05:44.992900 [debug] [MainThread]: Sending event: {'category': 'dbt', 'action': 'invocation', 'label': 'start', 'context': [<snowplow_tracker.self_describing_json.SelfDescribingJson object at 0x000001F7E0C02870>, <snowplow_tracker.self_describing_json.SelfDescribingJson object at 0x000001F7E43B3F80>, <snowplow_tracker.self_describing_json.SelfDescribingJson object at 0x000001F7E43B09B0>]}


============================== 10:05:44.997880 | 527aca6d-d480-4aae-8969-40677f7f9018 ==============================
[0m10:05:44.997880 [info ] [MainThread]: Running with dbt=1.11.7
[0m10:05:44.997880 [debug] [MainThread]: running dbt with arguments {'static_parser': 'True', 'no_print': 'None', 'version_check': 'True', 'warn_error_options': 'WarnErrorOptionsV2(error=[], warn=[], silence=[])', 'target_path': 'None', 'printer_width': '80', 'write_json': 'True', 'introspect': 'True', 'log_cache_events': 'False', 'empty': 'None', 'cache_selected_only': 'False', 'fail_fast': 'False', 'debug': 'False', 'log_format': 'default', 'partial_parse': 'True', 'send_anonymous_usage_stats': 'True', 'quiet': 'False', 'warn_error': 'None', 'profiles_dir': 'C:\\Users\\chaox\\.dbt', 'indirect_selection': 'eager', 'use_colors': 'True', 'invocation_command': 'dbt debug', 'use_experimental_parser': 'False', 'log_path': 'logs'}
[0m10:05:45.016033 [info ] [MainThread]: dbt version: 1.11.7
[0m10:05:45.017033 [info ] [MainThread]: python version: 3.12.9
[0m10:05:45.017033 [info ] [MainThread]: python path: F:\ansh_dbt_core\.venv\Scripts\python.exe
[0m10:05:45.018033 [info ] [MainThread]: os info: Windows-11-10.0.26200-SP0
[0m10:05:45.024110 [info ] [MainThread]: Error importing adapter: No module named 'dbt.adapters.snowflake'
[0m10:05:45.890190 [debug] [MainThread]: Spark adapter: Setting pyhive.hive logging to ERROR
[0m10:05:45.891191 [debug] [MainThread]: Spark adapter: Setting thrift.transport logging to ERROR
[0m10:05:45.891697 [debug] [MainThread]: Spark adapter: Setting thrift.protocol logging to ERROR
[0m10:05:46.729727 [info ] [MainThread]: Error importing adapter: No module named 'dbt.adapters.snowflake'
[0m10:05:46.730727 [info ] [MainThread]: Using profiles dir at C:\Users\chaox\.dbt
[0m10:05:46.731728 [info ] [MainThread]: Using profiles.yml file at C:\Users\chaox\.dbt\profiles.yml
[0m10:05:46.732235 [info ] [MainThread]: Using dbt_project.yml file at F:\ansh_dbt_core\dbt_project.yml
[0m10:05:46.733247 [info ] [MainThread]: Configuration:
[0m10:05:46.734052 [info ] [MainThread]:   profiles.yml file [[31mERROR invalid[0m]
[0m10:05:46.734052 [info ] [MainThread]:   dbt_project.yml file [[31mERROR not found[0m]
[0m10:05:46.735063 [info ] [MainThread]: Required dependencies:
[0m10:05:46.736061 [debug] [MainThread]: Executing "git --help"
[0m10:05:46.813217 [debug] [MainThread]: STDOUT: "b"usage: git [-v | --version] [-h | --help] [-C <path>] [-c <name>=<value>]\n           [--exec-path[=<path>]] [--html-path] [--man-path] [--info-path]\n           [-p | --paginate | -P | --no-pager] [--no-replace-objects] [--no-lazy-fetch]\n           [--no-optional-locks] [--no-advice] [--bare] [--git-dir=<path>]\n           [--work-tree=<path>] [--namespace=<name>] [--config-env=<name>=<envvar>]\n           <command> [<args>]\n\nThese are common Git commands used in various situations:\n\nstart a working area (see also: git help tutorial)\n   clone      Clone a repository into a new directory\n   init       Create an empty Git repository or reinitialize an existing one\n\nwork on the current change (see also: git help everyday)\n   add        Add file contents to the index\n   mv         Move or rename a file, a directory, or a symlink\n   restore    Restore working tree files\n   rm         Remove files from the working tree and from the index\n\nexamine the history and state (see also: git help revisions)\n   bisect     Use binary search to find the commit that introduced a bug\n   diff       Show changes between commits, commit and working tree, etc\n   grep       Print lines matching a pattern\n   log        Show commit logs\n   show       Show various types of objects\n   status     Show the working tree status\n\ngrow, mark and tweak your common history\n   backfill   Download missing objects in a partial clone\n   branch     List, create, or delete branches\n   commit     Record changes to the repository\n   merge      Join two or more development histories together\n   rebase     Reapply commits on top of another base tip\n   reset      Reset current HEAD to the specified state\n   switch     Switch branches\n   tag        Create, list, delete or verify tags\n\ncollaborate (see also: git help workflows)\n   fetch      Download objects and refs from another repository\n   pull       Fetch from and integrate with another repository or a local branch\n   push       Update remote refs along with associated objects\n\n'git help -a' and 'git help -g' list available subcommands and some\nconcept guides. See 'git help <command>' or 'git help <concept>'\nto read about a specific subcommand or concept.\nSee 'git help git' for an overview of the system.\n""
[0m10:05:46.813217 [debug] [MainThread]: STDERR: "b''"
[0m10:05:46.814580 [info ] [MainThread]:  - git [[32mOK found[0m]

[0m10:05:46.815587 [info ] [MainThread]: Connection test skipped since no profile was found
[0m10:05:46.815587 [info ] [MainThread]: [31m2 checks failed:[0m
[0m10:05:46.816611 [info ] [MainThread]: Could not load dbt_project.yml
Profile loading failed for the following reason:
Runtime Error
  Credentials in profile "aws_snow_dbt_project", target "dev" invalid: Runtime Error
    Could not find adapter type snowflake!

Runtime Error
  Credentials in profile "dbt_chp5_project", target "dev" invalid: Runtime Error
    Could not find adapter type snowflake!


[0m10:05:46.817641 [info ] [MainThread]: Project loading failed for the following reason:
 project path <F:\ansh_dbt_core\dbt_project.yml> not found

[0m10:05:46.818639 [debug] [MainThread]: Command `dbt debug` failed at 10:05:46.818639 after 2.06 seconds
[0m10:05:46.819635 [debug] [MainThread]: Sending event: {'category': 'dbt', 'action': 'invocation', 'label': 'end', 'context': [<snowplow_tracker.self_describing_json.SelfDescribingJson object at 0x000001F7E4538BC0>, <snowplow_tracker.self_describing_json.SelfDescribingJson object at 0x000001F7E4B13080>, <snowplow_tracker.self_describing_json.SelfDescribingJson object at 0x000001F7E4459C40>]}
[0m10:05:46.819635 [debug] [MainThread]: Flushing usage events
[0m10:05:48.102943 [debug] [MainThread]: An error was encountered while trying to flush usage events
[0m21:20:11.422157 [debug] [MainThread]: Sending event: {'category': 'dbt', 'action': 'invocation', 'label': 'start', 'context': [<snowplow_tracker.self_describing_json.SelfDescribingJson object at 0x000001737A443020>, <snowplow_tracker.self_describing_json.SelfDescribingJson object at 0x000001737A442FC0>, <snowplow_tracker.self_describing_json.SelfDescribingJson object at 0x000001737A443170>]}


============================== 21:20:11.427180 | 74fae739-3012-430d-a9d2-79eda18f8c36 ==============================
[0m21:20:11.427180 [info ] [MainThread]: Running with dbt=1.11.7
[0m21:20:11.427180 [debug] [MainThread]: running dbt with arguments {'static_parser': 'True', 'no_print': 'None', 'version_check': 'True', 'warn_error_options': 'WarnErrorOptionsV2(error=[], warn=[], silence=[])', 'target_path': 'None', 'printer_width': '80', 'write_json': 'True', 'empty': 'False', 'log_cache_events': 'False', 'introspect': 'True', 'cache_selected_only': 'False', 'log_format': 'default', 'debug': 'False', 'fail_fast': 'False', 'profiles_dir': 'F:\\ansh_dbt_core\\chao_dbt_core', 'send_anonymous_usage_stats': 'True', 'quiet': 'False', 'warn_error': 'None', 'partial_parse': 'True', 'invocation_command': 'dbt compile', 'use_colors': 'True', 'indirect_selection': 'eager', 'use_experimental_parser': 'False', 'log_path': 'logs'}
[0m21:20:11.427180 [error] [MainThread]: Encountered an error:
Runtime Error
  No dbt_project.yml found at expected path F:\ansh_dbt_core\dbt_project.yml
  Verify that each entry within packages.yml (and their transitive dependencies) contains a file named dbt_project.yml
  
[0m21:20:11.428212 [debug] [MainThread]: Command `dbt compile` failed at 21:20:11.428212 after 0.12 seconds
[0m21:20:11.428212 [debug] [MainThread]: Sending event: {'category': 'dbt', 'action': 'invocation', 'label': 'end', 'context': [<snowplow_tracker.self_describing_json.SelfDescribingJson object at 0x000001737A4433B0>, <snowplow_tracker.self_describing_json.SelfDescribingJson object at 0x000001737A443230>, <snowplow_tracker.self_describing_json.SelfDescribingJson object at 0x000001737A443440>]}
[0m21:20:11.428212 [debug] [MainThread]: Flushing usage events
[0m21:20:12.813706 [debug] [MainThread]: An error was encountered while trying to flush usage events
